[INFO] Scanning for projects...
[INFO] 
[INFO] ------------------------< org.example:Proj_Lab >------------------------
[INFO] Building Proj_Lab 1.0-SNAPSHOT
[INFO]   from pom.xml
[INFO] --------------------------------[ jar ]---------------------------------
[INFO] 
[INFO] --- exec:3.1.0:java (default-cli) @ Proj_Lab ---
Tesztek leírása... -1: Exit

1. Fonál növesztés
2. Fonál elrágás
3. Fonál felszívódás
4. Gomba növesztés spórából
5. Spóra szórás gombával
6. Rovar mozgás
7. Spóra elfogyasztása rovarral
8. Gomba halál
9. Tekton kettéválás
Choose option: 
Map.splitTekton() called
Tekton.split() called
Van még fonalas összeköttetése? [Y/n][I/n]: [WARNING] 
java.util.NoSuchElementException: No line found
    at java.util.Scanner.nextLine (Scanner.java:1660)
    at org.example.Main.igazHamisKerdes (Main.java:99)
    at org.example.Tekton.split (Tekton.java:83)
    at org.example.Map.splitTekton (Map.java:10)
    at org.example.Main.main (Main.java:81)
    at org.codehaus.mojo.exec.ExecJavaMojo$1.run (ExecJavaMojo.java:279)
    at java.lang.Thread.run (Thread.java:1583)
[INFO] ------------------------------------------------------------------------
[INFO] BUILD FAILURE
[INFO] ------------------------------------------------------------------------
[INFO] Total time:  0.275 s
[INFO] Finished at: 2025-03-27T12:11:15+01:00
[INFO] ------------------------------------------------------------------------
[ERROR] Failed to execute goal org.codehaus.mojo:exec-maven-plugin:3.1.0:java (default-cli) on project Proj_Lab: An exception occurred while executing the Java class. No line found -> [Help 1]
[ERROR] 
[ERROR] To see the full stack trace of the errors, re-run Maven with the -e switch.
[ERROR] Re-run Maven using the -X switch to enable full debug logging.
[ERROR] 
[ERROR] For more information about the errors and possible solutions, please read the following articles:
[ERROR] [Help 1] http://cwiki.apache.org/confluence/display/MAVEN/MojoExecutionException
